TN:
SF:/Users/erik/GitHub/Music-Meteorologist-fe/music-app/src/App.js
FN:24,(anonymous_0)
FN:30,(anonymous_1)
FN:44,(anonymous_2)
FN:46,(anonymous_3)
FNF:4
FNH:2
FNDA:0,(anonymous_0)
FNDA:1,(anonymous_1)
FNDA:1,(anonymous_2)
FNDA:0,(anonymous_3)
DA:22,1
DA:24,1
DA:25,0
DA:26,0
DA:31,1
DA:44,1
DA:46,0
LF:7
LH:4
BRF:0
BRH:0
end_of_record
TN:
SF:/Users/erik/GitHub/Music-Meteorologist-fe/music-app/src/index.js
FNF:0
FNH:0
DA:19,0
DA:21,0
DA:23,0
DA:27,0
DA:29,0
LF:5
LH:0
BRF:0
BRH:0
end_of_record
TN:
SF:/Users/erik/GitHub/Music-Meteorologist-fe/music-app/src/actions/index.js
FN:9,(anonymous_0)
FN:9,(anonymous_1)
FN:15,(anonymous_2)
FN:21,(anonymous_3)
FN:33,(anonymous_4)
FN:33,(anonymous_5)
FN:39,(anonymous_6)
FN:45,(anonymous_7)
FN:57,(anonymous_8)
FN:57,(anonymous_9)
FN:68,(anonymous_10)
FN:74,(anonymous_11)
FN:86,(anonymous_12)
FN:86,(anonymous_13)
FN:97,(anonymous_14)
FN:103,(anonymous_15)
FN:118,(anonymous_16)
FN:118,(anonymous_17)
FN:129,(anonymous_18)
FN:138,(anonymous_19)
FN:150,(anonymous_20)
FN:150,(anonymous_21)
FN:159,(anonymous_22)
FN:165,(anonymous_23)
FN:177,(anonymous_24)
FN:177,(anonymous_25)
FN:188,(anonymous_26)
FN:209,(anonymous_27)
FN:212,(anonymous_28)
FN:219,(anonymous_29)
FN:237,(anonymous_30)
FN:240,(anonymous_31)
FN:252,(anonymous_32)
FN:252,(anonymous_33)
FN:259,(anonymous_34)
FN:298,(anonymous_35)
FN:310,(anonymous_36)
FN:310,(anonymous_37)
FN:319,(anonymous_38)
FN:325,(anonymous_39)
FN:337,(anonymous_40)
FN:337,(anonymous_41)
FN:362,(anonymous_42)
FN:368,(anonymous_43)
FN:379,(anonymous_44)
FN:379,(anonymous_45)
FN:390,(anonymous_46)
FN:396,(anonymous_47)
FN:408,(anonymous_48)
FN:408,(anonymous_49)
FN:424,(anonymous_50)
FN:430,(anonymous_51)
FN:442,(anonymous_52)
FN:442,(anonymous_53)
FN:461,(anonymous_54)
FN:467,(anonymous_55)
FN:479,(anonymous_56)
FN:479,(anonymous_57)
FN:492,(anonymous_58)
FN:498,(anonymous_59)
FNF:60
FNH:0
FNDA:0,(anonymous_0)
FNDA:0,(anonymous_1)
FNDA:0,(anonymous_2)
FNDA:0,(anonymous_3)
FNDA:0,(anonymous_4)
FNDA:0,(anonymous_5)
FNDA:0,(anonymous_6)
FNDA:0,(anonymous_7)
FNDA:0,(anonymous_8)
FNDA:0,(anonymous_9)
FNDA:0,(anonymous_10)
FNDA:0,(anonymous_11)
FNDA:0,(anonymous_12)
FNDA:0,(anonymous_13)
FNDA:0,(anonymous_14)
FNDA:0,(anonymous_15)
FNDA:0,(anonymous_16)
FNDA:0,(anonymous_17)
FNDA:0,(anonymous_18)
FNDA:0,(anonymous_19)
FNDA:0,(anonymous_20)
FNDA:0,(anonymous_21)
FNDA:0,(anonymous_22)
FNDA:0,(anonymous_23)
FNDA:0,(anonymous_24)
FNDA:0,(anonymous_25)
FNDA:0,(anonymous_26)
FNDA:0,(anonymous_27)
FNDA:0,(anonymous_28)
FNDA:0,(anonymous_29)
FNDA:0,(anonymous_30)
FNDA:0,(anonymous_31)
FNDA:0,(anonymous_32)
FNDA:0,(anonymous_33)
FNDA:0,(anonymous_34)
FNDA:0,(anonymous_35)
FNDA:0,(anonymous_36)
FNDA:0,(anonymous_37)
FNDA:0,(anonymous_38)
FNDA:0,(anonymous_39)
FNDA:0,(anonymous_40)
FNDA:0,(anonymous_41)
FNDA:0,(anonymous_42)
FNDA:0,(anonymous_43)
FNDA:0,(anonymous_44)
FNDA:0,(anonymous_45)
FNDA:0,(anonymous_46)
FNDA:0,(anonymous_47)
FNDA:0,(anonymous_48)
FNDA:0,(anonymous_49)
FNDA:0,(anonymous_50)
FNDA:0,(anonymous_51)
FNDA:0,(anonymous_52)
FNDA:0,(anonymous_53)
FNDA:0,(anonymous_54)
FNDA:0,(anonymous_55)
FNDA:0,(anonymous_56)
FNDA:0,(anonymous_57)
FNDA:0,(anonymous_58)
FNDA:0,(anonymous_59)
DA:3,1
DA:4,1
DA:5,1
DA:7,1
DA:9,1
DA:10,0
DA:13,0
DA:16,0
DA:22,0
DA:29,1
DA:30,1
DA:31,1
DA:33,1
DA:34,0
DA:37,0
DA:40,0
DA:46,0
DA:53,1
DA:54,1
DA:55,1
DA:57,1
DA:58,0
DA:62,0
DA:66,0
DA:69,0
DA:75,0
DA:82,1
DA:83,1
DA:84,1
DA:86,1
DA:87,0
DA:91,0
DA:95,0
DA:98,0
DA:104,0
DA:112,1
DA:114,1
DA:116,1
DA:118,1
DA:119,0
DA:123,0
DA:127,0
DA:130,0
DA:131,0
DA:133,0
DA:139,0
DA:146,1
DA:147,1
DA:148,1
DA:150,1
DA:151,0
DA:154,0
DA:157,0
DA:160,0
DA:166,0
DA:173,1
DA:174,1
DA:175,1
DA:177,1
DA:178,0
DA:181,0
DA:186,0
DA:189,0
DA:190,0
DA:207,0
DA:210,0
DA:213,0
DA:220,0
DA:221,0
DA:222,0
DA:223,0
DA:248,1
DA:249,1
DA:250,1
DA:252,1
DA:253,0
DA:256,0
DA:257,0
DA:260,0
DA:261,0
DA:266,0
DA:267,0
DA:269,0
DA:290,0
DA:293,0
DA:299,0
DA:306,1
DA:307,1
DA:308,1
DA:310,1
DA:311,0
DA:314,0
DA:317,0
DA:320,0
DA:326,0
DA:333,1
DA:334,1
DA:335,1
DA:337,1
DA:338,0
DA:341,0
DA:347,0
DA:351,0
DA:363,0
DA:369,0
DA:375,1
DA:376,1
DA:377,1
DA:379,1
DA:380,0
DA:384,0
DA:388,0
DA:391,0
DA:397,0
DA:404,1
DA:405,1
DA:406,1
DA:408,1
DA:409,0
DA:413,0
DA:418,0
DA:425,0
DA:431,0
DA:438,1
DA:439,1
DA:440,1
DA:442,1
DA:443,0
DA:446,0
DA:462,0
DA:468,0
DA:475,1
DA:476,1
DA:477,1
DA:479,1
DA:480,0
DA:484,0
DA:493,0
DA:499,0
LF:139
LH:57
BRDA:130,0,0,0
BRDA:130,0,1,0
BRDA:189,1,0,0
BRDA:189,1,1,0
BRDA:203,2,0,0
BRDA:203,2,1,0
BRDA:221,3,0,0
BRDA:221,3,1,0
BRDA:261,4,0,0
BRDA:261,4,1,0
BRDA:262,5,0,0
BRDA:262,5,1,0
BRDA:262,5,2,0
BRDA:266,6,0,0
BRDA:266,6,1,0
BRF:15
BRH:0
end_of_record
TN:
SF:/Users/erik/GitHub/Music-Meteorologist-fe/music-app/src/analytics/Mixpanel.js
FNF:0
FNH:0
LF:0
LH:0
BRF:0
BRH:0
end_of_record
TN:
SF:/Users/erik/GitHub/Music-Meteorologist-fe/music-app/src/components/About.js
FN:3,(anonymous_0)
FNF:1
FNH:0
FNDA:0,(anonymous_0)
DA:3,1
DA:4,0
LF:2
LH:1
BRF:0
BRH:0
end_of_record
TN:
SF:/Users/erik/GitHub/Music-Meteorologist-fe/music-app/src/components/Auth.js
FN:33,(anonymous_0)
FN:44,(anonymous_1)
FN:52,(anonymous_2)
FNF:3
FNH:3
FNDA:1,(anonymous_0)
FNDA:1,(anonymous_1)
FNDA:1,(anonymous_2)
DA:13,1
DA:15,1
DA:16,1
DA:17,1
DA:30,1
DA:34,1
DA:35,0
DA:36,0
DA:38,1
DA:41,1
DA:45,1
DA:46,1
DA:47,0
DA:48,0
DA:53,1
LF:15
LH:11
BRDA:34,0,0,0
BRDA:34,0,1,1
BRDA:46,1,0,0
BRDA:46,1,1,1
BRF:4
BRH:2
end_of_record
TN:
SF:/Users/erik/GitHub/Music-Meteorologist-fe/music-app/src/components/Characteristics.js
FN:10,(anonymous_0)
FN:33,(anonymous_1)
FN:45,(anonymous_2)
FN:75,(anonymous_3)
FN:79,(anonymous_4)
FNF:5
FNH:0
FNDA:0,(anonymous_0)
FNDA:0,(anonymous_1)
FNDA:0,(anonymous_2)
FNDA:0,(anonymous_3)
FNDA:0,(anonymous_4)
DA:10,1
DA:26,0
DA:34,0
DA:35,0
DA:46,0
DA:47,0
DA:48,0
DA:49,0
DA:50,0
DA:51,0
DA:52,0
DA:53,0
DA:54,0
DA:55,0
DA:56,0
DA:57,0
DA:58,0
DA:59,0
DA:60,0
DA:61,0
DA:62,0
DA:63,0
DA:64,0
DA:65,0
DA:66,0
DA:67,0
DA:68,0
DA:69,0
DA:71,0
DA:76,0
DA:80,0
DA:81,0
LF:32
LH:1
BRDA:34,0,0,0
BRDA:34,0,1,0
BRDA:46,1,0,0
BRDA:46,1,1,0
BRDA:48,2,0,0
BRDA:48,2,1,0
BRDA:50,3,0,0
BRDA:50,3,1,0
BRDA:52,4,0,0
BRDA:52,4,1,0
BRDA:54,5,0,0
BRDA:54,5,1,0
BRDA:56,6,0,0
BRDA:56,6,1,0
BRDA:58,7,0,0
BRDA:58,7,1,0
BRDA:60,8,0,0
BRDA:60,8,1,0
BRDA:62,9,0,0
BRDA:62,9,1,0
BRDA:64,10,0,0
BRDA:64,10,1,0
BRDA:66,11,0,0
BRDA:66,11,1,0
BRDA:68,12,0,0
BRDA:68,12,1,0
BRDA:76,13,0,0
BRDA:76,13,1,0
BRF:28
BRH:0
end_of_record
TN:
SF:/Users/erik/GitHub/Music-Meteorologist-fe/music-app/src/components/Chart.js
FN:24,(anonymous_0)
FN:48,(anonymous_1)
FN:50,(anonymous_2)
FNF:3
FNH:0
FNDA:0,(anonymous_0)
FNDA:0,(anonymous_1)
FNDA:0,(anonymous_2)
DA:11,1
DA:13,0
DA:25,0
DA:26,0
DA:51,0
LF:5
LH:1
BRDA:25,0,0,0
BRDA:25,0,1,0
BRF:2
BRH:0
end_of_record
TN:
SF:/Users/erik/GitHub/Music-Meteorologist-fe/music-app/src/components/Footer.js
FN:22,CenteredTabs
FN:26,handleChange
FNF:2
FNH:1
FNDA:1,CenteredTabs
FNDA:0,handleChange
DA:12,1
DA:23,1
DA:24,1
DA:27,0
DA:30,1
LF:5
LH:4
BRF:0
BRH:0
end_of_record
TN:
SF:/Users/erik/GitHub/Music-Meteorologist-fe/music-app/src/components/LinearDeterminate.js
FN:11,(anonymous_0)
FN:13,(anonymous_1)
FN:27,(anonymous_2)
FN:38,(anonymous_3)
FN:75,(anonymous_4)
FNF:5
FNH:0
FNDA:0,(anonymous_0)
FNDA:0,(anonymous_1)
FNDA:0,(anonymous_2)
FNDA:0,(anonymous_3)
FNDA:0,(anonymous_4)
DA:7,0
DA:11,0
DA:12,0
DA:13,0
DA:14,0
DA:15,0
DA:18,0
DA:21,0
DA:22,0
DA:27,0
DA:28,0
DA:29,0
DA:33,0
DA:34,0
DA:39,0
DA:40,0
DA:41,0
DA:42,0
DA:45,0
DA:46,0
DA:49,0
DA:50,0
DA:53,0
DA:75,1
LF:24
LH:1
BRDA:12,0,0,0
BRDA:12,0,1,0
BRDA:12,1,0,0
BRDA:12,1,1,0
BRDA:14,2,0,0
BRDA:14,2,1,0
BRDA:41,3,0,0
BRDA:41,3,1,0
BRDA:58,4,0,0
BRDA:58,4,1,0
BRDA:59,5,0,0
BRDA:59,5,1,0
BRDA:64,6,0,0
BRDA:64,6,1,0
BRDA:65,7,0,0
BRDA:65,7,1,0
BRF:16
BRH:0
end_of_record
TN:
SF:/Users/erik/GitHub/Music-Meteorologist-fe/music-app/src/components/NavBar.js
FN:8,(anonymous_0)
FN:13,(anonymous_1)
FN:32,(anonymous_2)
FNF:3
FNH:1
FNDA:0,(anonymous_0)
FNDA:1,(anonymous_1)
FNDA:0,(anonymous_2)
DA:8,1
DA:9,0
DA:10,0
DA:14,1
DA:33,0
LF:5
LH:2
BRF:0
BRH:0
end_of_record
TN:
SF:/Users/erik/GitHub/Music-Meteorologist-fe/music-app/src/components/protected.route.js
FN:4,(anonymous_0)
FN:8,(anonymous_1)
FNF:2
FNH:1
FNDA:1,(anonymous_0)
FNDA:0,(anonymous_1)
DA:4,1
DA:5,1
DA:9,0
DA:10,0
DA:12,0
LF:5
LH:2
BRDA:9,0,0,0
BRDA:9,0,1,0
BRF:2
BRH:0
end_of_record
TN:
SF:/Users/erik/GitHub/Music-Meteorologist-fe/music-app/src/components/dashboard/AudioDetails.js
FN:4,(anonymous_0)
FNF:1
FNH:0
FNDA:0,(anonymous_0)
DA:5,0
LF:1
LH:0
BRF:0
BRH:0
end_of_record
TN:
SF:/Users/erik/GitHub/Music-Meteorologist-fe/music-app/src/components/dashboard/LikedSongs.js
FN:14,(anonymous_0)
FN:32,(anonymous_1)
FN:44,(anonymous_2)
FN:57,(anonymous_3)
FN:81,(anonymous_4)
FNF:5
FNH:0
FNDA:0,(anonymous_0)
FNDA:0,(anonymous_1)
FNDA:0,(anonymous_2)
FNDA:0,(anonymous_3)
FNDA:0,(anonymous_4)
DA:11,0
DA:16,0
DA:33,0
DA:34,0
DA:36,0
DA:37,0
DA:45,0
DA:46,0
DA:48,0
DA:58,0
DA:81,1
LF:11
LH:1
BRDA:33,0,0,0
BRDA:33,0,1,0
BRDA:33,1,0,0
BRDA:33,1,1,0
BRDA:33,1,2,0
BRDA:36,2,0,0
BRDA:36,2,1,0
BRDA:45,3,0,0
BRDA:45,3,1,0
BRDA:56,4,0,0
BRDA:56,4,1,0
BRF:11
BRH:0
end_of_record
TN:
SF:/Users/erik/GitHub/Music-Meteorologist-fe/music-app/src/components/dashboard/MusicPlayer.js
FN:36,(anonymous_0)
FN:62,(anonymous_1)
FN:66,(anonymous_2)
FN:69,(anonymous_3)
FN:75,(anonymous_4)
FN:108,(anonymous_5)
FN:156,(anonymous_6)
FN:159,(anonymous_7)
FN:163,(anonymous_8)
FN:170,(anonymous_9)
FN:182,(anonymous_10)
FN:205,(anonymous_11)
FN:206,(anonymous_12)
FN:208,(anonymous_13)
FN:212,(anonymous_14)
FN:214,(anonymous_15)
FN:217,(anonymous_16)
FN:232,(anonymous_17)
FN:243,(anonymous_18)
FN:256,(anonymous_19)
FN:261,(anonymous_20)
FN:262,(anonymous_21)
FN:265,(anonymous_22)
FN:266,(anonymous_23)
FN:269,(anonymous_24)
FN:272,(anonymous_25)
FN:285,(anonymous_26)
FN:293,(anonymous_27)
FN:304,(anonymous_28)
FN:311,(anonymous_29)
FN:317,(anonymous_30)
FN:320,(anonymous_31)
FN:326,(anonymous_32)
FN:330,(anonymous_33)
FN:334,(anonymous_34)
FN:341,(anonymous_35)
FN:373,(anonymous_36)
FN:379,(anonymous_37)
FN:390,(anonymous_38)
FN:394,(anonymous_39)
FN:411,(anonymous_40)
FN:414,(anonymous_41)
FN:431,(anonymous_42)
FN:474,(anonymous_43)
FN:542,(anonymous_44)
FN:549,(anonymous_45)
FN:571,(anonymous_46)
FN:604,(anonymous_47)
FN:634,(anonymous_48)
FN:648,(anonymous_49)
FN:651,(anonymous_50)
FN:672,(anonymous_51)
FN:692,(anonymous_52)
FNF:53
FNH:0
FNDA:0,(anonymous_0)
FNDA:0,(anonymous_1)
FNDA:0,(anonymous_2)
FNDA:0,(anonymous_3)
FNDA:0,(anonymous_4)
FNDA:0,(anonymous_5)
FNDA:0,(anonymous_6)
FNDA:0,(anonymous_7)
FNDA:0,(anonymous_8)
FNDA:0,(anonymous_9)
FNDA:0,(anonymous_10)
FNDA:0,(anonymous_11)
FNDA:0,(anonymous_12)
FNDA:0,(anonymous_13)
FNDA:0,(anonymous_14)
FNDA:0,(anonymous_15)
FNDA:0,(anonymous_16)
FNDA:0,(anonymous_17)
FNDA:0,(anonymous_18)
FNDA:0,(anonymous_19)
FNDA:0,(anonymous_20)
FNDA:0,(anonymous_21)
FNDA:0,(anonymous_22)
FNDA:0,(anonymous_23)
FNDA:0,(anonymous_24)
FNDA:0,(anonymous_25)
FNDA:0,(anonymous_26)
FNDA:0,(anonymous_27)
FNDA:0,(anonymous_28)
FNDA:0,(anonymous_29)
FNDA:0,(anonymous_30)
FNDA:0,(anonymous_31)
FNDA:0,(anonymous_32)
FNDA:0,(anonymous_33)
FNDA:0,(anonymous_34)
FNDA:0,(anonymous_35)
FNDA:0,(anonymous_36)
FNDA:0,(anonymous_37)
FNDA:0,(anonymous_38)
FNDA:0,(anonymous_39)
FNDA:0,(anonymous_40)
FNDA:0,(anonymous_41)
FNDA:0,(anonymous_42)
FNDA:0,(anonymous_43)
FNDA:0,(anonymous_44)
FNDA:0,(anonymous_45)
FNDA:0,(anonymous_46)
FNDA:0,(anonymous_47)
FNDA:0,(anonymous_48)
FNDA:0,(anonymous_49)
FNDA:0,(anonymous_50)
FNDA:0,(anonymous_51)
FNDA:0,(anonymous_52)
DA:37,0
DA:38,0
DA:59,0
DA:63,0
DA:67,0
DA:68,0
DA:69,0
DA:70,0
DA:76,0
DA:77,0
DA:79,0
DA:80,0
DA:81,0
DA:95,0
DA:99,0
DA:109,0
DA:113,0
DA:117,0
DA:131,0
DA:132,0
DA:148,0
DA:152,0
DA:157,0
DA:158,0
DA:159,0
DA:164,0
DA:172,0
DA:177,0
DA:178,0
DA:179,0
DA:180,0
DA:182,0
DA:184,0
DA:187,0
DA:188,0
DA:199,0
DA:206,0
DA:208,0
DA:209,0
DA:212,0
DA:214,0
DA:217,0
DA:218,0
DA:220,0
DA:221,0
DA:224,0
DA:225,0
DA:230,0
DA:231,0
DA:232,0
DA:233,0
DA:234,0
DA:235,0
DA:237,0
DA:238,0
DA:243,0
DA:244,0
DA:246,0
DA:250,0
DA:251,0
DA:252,0
DA:256,0
DA:257,0
DA:262,0
DA:266,0
DA:270,0
DA:272,0
DA:273,0
DA:279,0
DA:280,0
DA:281,0
DA:286,0
DA:288,0
DA:289,0
DA:291,0
DA:294,0
DA:298,0
DA:300,0
DA:305,0
DA:306,0
DA:307,0
DA:311,0
DA:312,0
DA:318,0
DA:319,0
DA:320,0
DA:321,0
DA:322,0
DA:327,0
DA:331,0
DA:332,0
DA:333,0
DA:334,0
DA:335,0
DA:336,0
DA:338,0
DA:342,0
DA:343,0
DA:371,0
DA:372,0
DA:373,0
DA:374,0
DA:380,0
DA:381,0
DA:382,0
DA:391,0
DA:392,0
DA:393,0
DA:394,0
DA:395,0
DA:396,0
DA:398,0
DA:402,0
DA:412,0
DA:413,0
DA:414,0
DA:415,0
DA:416,0
DA:418,0
DA:422,0
DA:439,0
DA:440,0
DA:442,0
DA:474,0
DA:542,0
DA:549,0
DA:571,0
DA:604,0
DA:634,0
DA:648,0
DA:651,0
DA:672,0
DA:692,1
LF:133
LH:1
BRDA:67,0,0,0
BRDA:67,0,1,0
BRDA:67,1,0,0
BRDA:67,1,1,0
BRDA:76,2,0,0
BRDA:76,2,1,0
BRDA:79,3,0,0
BRDA:79,3,1,0
BRDA:95,4,0,0
BRDA:95,4,1,0
BRDA:96,5,0,0
BRDA:96,5,1,0
BRDA:117,6,0,0
BRDA:117,6,1,0
BRDA:157,7,0,0
BRDA:157,7,1,0
BRDA:172,8,0,0
BRDA:172,8,1,0
BRDA:220,9,0,0
BRDA:220,9,1,0
BRDA:220,10,0,0
BRDA:220,10,1,0
BRDA:221,11,0,0
BRDA:221,11,1,0
BRDA:224,12,0,0
BRDA:224,12,1,0
BRDA:237,13,0,0
BRDA:237,13,1,0
BRDA:252,14,0,0
BRDA:252,14,1,0
BRDA:257,15,0,0
BRDA:257,15,1,0
BRDA:279,16,0,0
BRDA:279,16,1,0
BRDA:288,17,0,0
BRDA:288,17,1,0
BRDA:306,18,0,0
BRDA:306,18,1,0
BRDA:333,19,0,0
BRDA:333,19,1,0
BRDA:484,20,0,0
BRDA:484,20,1,0
BRDA:505,21,0,0
BRDA:505,21,1,0
BRDA:505,21,2,0
BRDA:505,21,3,0
BRDA:515,22,0,0
BRDA:515,22,1,0
BRDA:531,23,0,0
BRDA:531,23,1,0
BRDA:559,24,0,0
BRDA:559,24,1,0
BRDA:589,25,0,0
BRDA:589,25,1,0
BRDA:649,26,0,0
BRDA:649,26,1,0
BRF:56
BRH:0
end_of_record
TN:
SF:/Users/erik/GitHub/Music-Meteorologist-fe/music-app/src/components/dashboard/Song.js
FN:10,(anonymous_0)
FN:45,(anonymous_1)
FNF:2
FNH:0
FNDA:0,(anonymous_0)
FNDA:0,(anonymous_1)
DA:13,0
DA:45,1
LF:2
LH:1
BRF:0
BRH:0
end_of_record
TN:
SF:/Users/erik/GitHub/Music-Meteorologist-fe/music-app/src/reducers/addToPlaylistReducer.js
FN:13,(anonymous_0)
FNF:1
FNH:0
FNDA:0,(anonymous_0)
DA:7,0
DA:13,0
DA:14,0
DA:16,0
DA:21,0
DA:27,0
DA:32,0
LF:7
LH:0
BRDA:13,0,0,0
BRDA:14,1,0,0
BRDA:14,1,1,0
BRDA:14,1,2,0
BRDA:14,1,3,0
BRF:5
BRH:0
end_of_record
TN:
SF:/Users/erik/GitHub/Music-Meteorologist-fe/music-app/src/reducers/createPlaylistReducer.js
FN:14,(anonymous_0)
FNF:1
FNH:0
FNDA:0,(anonymous_0)
DA:7,0
DA:14,0
DA:15,0
DA:17,0
DA:22,0
DA:29,0
DA:35,0
LF:7
LH:0
BRDA:14,0,0,0
BRDA:15,1,0,0
BRDA:15,1,1,0
BRDA:15,1,2,0
BRDA:15,1,3,0
BRF:5
BRH:0
end_of_record
TN:
SF:/Users/erik/GitHub/Music-Meteorologist-fe/music-app/src/reducers/getCurrentSongReducer.js
FN:13,(anonymous_0)
FNF:1
FNH:0
FNDA:0,(anonymous_0)
DA:7,0
DA:13,0
DA:14,0
DA:16,0
DA:21,0
DA:28,0
DA:33,0
LF:7
LH:0
BRDA:13,0,0,0
BRDA:14,1,0,0
BRDA:14,1,1,0
BRDA:14,1,2,0
BRDA:14,1,3,0
BRF:5
BRH:0
end_of_record
TN:
SF:/Users/erik/GitHub/Music-Meteorologist-fe/music-app/src/reducers/getCurrentUserReducer.js
FN:13,(anonymous_0)
FNF:1
FNH:0
FNDA:0,(anonymous_0)
DA:7,0
DA:13,0
DA:14,0
DA:16,0
DA:21,0
DA:27,0
DA:32,0
LF:7
LH:0
BRDA:13,0,0,0
BRDA:14,1,0,0
BRDA:14,1,1,0
BRDA:14,1,2,0
BRDA:14,1,3,0
BRF:5
BRH:0
end_of_record
TN:
SF:/Users/erik/GitHub/Music-Meteorologist-fe/music-app/src/reducers/getPlaylistReducer.js
FN:12,(anonymous_0)
FNF:1
FNH:0
FNDA:0,(anonymous_0)
DA:7,0
DA:12,0
DA:13,0
DA:15,0
DA:19,0
DA:24,0
DA:29,0
LF:7
LH:0
BRDA:12,0,0,0
BRDA:13,1,0,0
BRDA:13,1,1,0
BRDA:13,1,2,0
BRDA:13,1,3,0
BRF:5
BRH:0
end_of_record
TN:
SF:/Users/erik/GitHub/Music-Meteorologist-fe/music-app/src/reducers/getTrackInfoReducer.js
FN:9,(anonymous_0)
FNF:1
FNH:0
FNDA:0,(anonymous_0)
DA:7,0
DA:9,0
DA:10,0
DA:12,0
DA:17,0
DA:22,0
DA:27,0
LF:7
LH:0
BRDA:9,0,0,0
BRDA:10,1,0,0
BRDA:10,1,1,0
BRDA:10,1,2,0
BRDA:10,1,3,0
BRF:5
BRH:0
end_of_record
TN:
SF:/Users/erik/GitHub/Music-Meteorologist-fe/music-app/src/reducers/index.js
FNF:0
FNH:0
LF:0
LH:0
BRF:0
BRH:0
end_of_record
TN:
SF:/Users/erik/GitHub/Music-Meteorologist-fe/music-app/src/reducers/likedSongsReducer.js
FN:18,(anonymous_0)
FNF:1
FNH:0
FNDA:0,(anonymous_0)
DA:10,0
DA:18,0
DA:19,0
DA:21,0
DA:27,0
DA:34,0
DA:40,0
DA:45,0
DA:50,0
DA:56,0
LF:10
LH:0
BRDA:18,0,0,0
BRDA:19,1,0,0
BRDA:19,1,1,0
BRDA:19,1,2,0
BRDA:19,1,3,0
BRDA:19,1,4,0
BRDA:19,1,5,0
BRDA:19,1,6,0
BRF:8
BRH:0
end_of_record
TN:
SF:/Users/erik/GitHub/Music-Meteorologist-fe/music-app/src/reducers/queueReducer.js
FN:19,(anonymous_0)
FNF:1
FNH:0
FNDA:0,(anonymous_0)
DA:10,0
DA:19,0
DA:20,0
DA:22,0
DA:29,0
DA:37,0
DA:45,0
DA:50,0
DA:56,0
DA:62,0
LF:10
LH:0
BRDA:19,0,0,0
BRDA:20,1,0,0
BRDA:20,1,1,0
BRDA:20,1,2,0
BRDA:20,1,3,0
BRDA:20,1,4,0
BRDA:20,1,5,0
BRDA:20,1,6,0
BRF:8
BRH:0
end_of_record
TN:
SF:/Users/erik/GitHub/Music-Meteorologist-fe/music-app/src/reducers/removeTrackReducer.js
FN:11,(anonymous_0)
FNF:1
FNH:0
FNDA:0,(anonymous_0)
DA:7,0
DA:11,0
DA:12,0
DA:14,0
DA:18,0
DA:23,0
DA:28,0
LF:7
LH:0
BRDA:11,0,0,0
BRDA:12,1,0,0
BRDA:12,1,1,0
BRDA:12,1,2,0
BRDA:12,1,3,0
BRF:5
BRH:0
end_of_record
TN:
SF:/Users/erik/GitHub/Music-Meteorologist-fe/music-app/src/reducers/usersReducer.js
FN:22,(anonymous_0)
FNF:1
FNH:0
FNDA:0,(anonymous_0)
DA:13,0
DA:22,0
DA:23,0
DA:25,0
DA:31,0
DA:38,0
DA:44,0
DA:50,0
DA:57,0
DA:63,0
DA:67,0
DA:71,0
DA:75,0
LF:13
LH:0
BRDA:22,0,0,0
BRDA:23,1,0,0
BRDA:23,1,1,0
BRDA:23,1,2,0
BRDA:23,1,3,0
BRDA:23,1,4,0
BRDA:23,1,5,0
BRDA:23,1,6,0
BRDA:23,1,7,0
BRDA:23,1,8,0
BRDA:23,1,9,0
BRF:11
BRH:0
end_of_record
TN:
SF:/Users/erik/GitHub/Music-Meteorologist-fe/music-app/src/views/Dashboard.js
FN:108,(anonymous_0)
FN:117,(anonymous_1)
FN:140,(anonymous_2)
FN:157,(anonymous_3)
FN:183,(anonymous_4)
FN:189,(anonymous_5)
FN:195,(anonymous_6)
FN:202,(anonymous_7)
FN:210,(anonymous_8)
FN:217,(anonymous_9)
FN:248,(anonymous_10)
FN:276,(anonymous_11)
FN:314,(anonymous_12)
FNF:13
FNH:0
FNDA:0,(anonymous_0)
FNDA:0,(anonymous_1)
FNDA:0,(anonymous_2)
FNDA:0,(anonymous_3)
FNDA:0,(anonymous_4)
FNDA:0,(anonymous_5)
FNDA:0,(anonymous_6)
FNDA:0,(anonymous_7)
FNDA:0,(anonymous_8)
FNDA:0,(anonymous_9)
FNDA:0,(anonymous_10)
FNDA:0,(anonymous_11)
FNDA:0,(anonymous_12)
DA:32,0
DA:109,0
DA:111,0
DA:112,0
DA:114,0
DA:134,0
DA:135,0
DA:136,0
DA:140,0
DA:141,0
DA:148,0
DA:152,0
DA:153,0
DA:154,0
DA:157,0
DA:158,0
DA:184,0
DA:190,0
DA:195,0
DA:196,0
DA:197,0
DA:198,0
DA:199,0
DA:202,0
DA:203,0
DA:210,0
DA:211,0
DA:218,0
DA:219,0
DA:222,0
DA:226,0
DA:248,0
DA:276,0
DA:314,1
LF:34
LH:1
BRDA:111,0,0,0
BRDA:111,0,1,0
BRDA:134,1,0,0
BRDA:134,1,1,0
BRDA:134,2,0,0
BRDA:134,2,1,0
BRDA:141,3,0,0
BRDA:141,3,1,0
BRDA:142,4,0,0
BRDA:142,4,1,0
BRDA:142,4,2,0
BRDA:152,5,0,0
BRDA:152,5,1,0
BRDA:152,6,0,0
BRDA:152,6,1,0
BRDA:203,7,0,0
BRDA:203,7,1,0
BRDA:203,8,0,0
BRDA:203,8,1,0
BRDA:203,8,2,0
BRDA:211,9,0,0
BRDA:211,9,1,0
BRDA:211,10,0,0
BRDA:211,10,1,0
BRDA:211,10,2,0
BRDA:218,11,0,0
BRDA:218,11,1,0
BRDA:218,12,0,0
BRDA:218,12,1,0
BRDA:252,13,0,0
BRDA:252,13,1,0
BRDA:259,14,0,0
BRDA:259,14,1,0
BRDA:266,15,0,0
BRDA:266,15,1,0
BRDA:292,16,0,0
BRDA:292,16,1,0
BRF:37
BRH:0
end_of_record
TN:
SF:/Users/erik/GitHub/Music-Meteorologist-fe/music-app/src/views/Info.js
FN:9,(anonymous_0)
FNF:1
FNH:0
FNDA:0,(anonymous_0)
DA:10,0
LF:1
LH:0
BRF:0
BRH:0
end_of_record
TN:
SF:/Users/erik/GitHub/Music-Meteorologist-fe/music-app/src/views/Logout.js
FN:6,(anonymous_0)
FNF:1
FNH:0
FNDA:0,(anonymous_0)
DA:7,0
LF:1
LH:0
BRF:0
BRH:0
end_of_record
